::1 - - [14/Mar/2024:11:20:36 +0000] "GET /products HTTP/1.1" 200 120 "-" "PostmanRuntime/7.37.0"
::1 - - [14/Mar/2024:11:20:40 +0000] "GET /products/error HTTP/1.1" 200 2 "-" "PostmanRuntime/7.37.0"
::1 - - [14/Mar/2024:11:20:44 +0000] "GET /products/1 HTTP/1.1" 200 31 "-" "PostmanRuntime/7.37.0"
::1 - - [14/Mar/2024:11:33:58 +0000] "GET /products HTTP/1.1" 200 120 "-" "PostmanRuntime/7.37.0"
::1 - - [14/Mar/2024:11:34:07 +0000] "GET /products/3 HTTP/1.1" 200 52 "-" "PostmanRuntime/7.37.0"
::1 - - [14/Mar/2024:11:35:23 +0000] "POST /products HTTP/1.1" 201 80 "-" "PostmanRuntime/7.37.0"
::1 - - [14/Mar/2024:11:35:30 +0000] "GET /products HTTP/1.1" 200 154 "-" "PostmanRuntime/7.37.0"
::1 - - [14/Mar/2024:11:36:05 +0000] "PATCH /products/4 HTTP/1.1" 200 50 "-" "PostmanRuntime/7.37.0"
::1 - - [14/Mar/2024:11:36:15 +0000] "GET /products HTTP/1.1" 200 166 "-" "PostmanRuntime/7.37.0"
::1 - - [14/Mar/2024:11:37:06 +0000] "DELETE /products/4 HTTP/1.1" 200 48 "-" "PostmanRuntime/7.37.0"
::1 - - [14/Mar/2024:11:37:12 +0000] "GET /products HTTP/1.1" 200 120 "-" "PostmanRuntime/7.37.0"
::1 - - [14/Mar/2024:11:37:39 +0000] "POST /products HTTP/1.1" 400 119 "-" "PostmanRuntime/7.37.0"
::1 - - [14/Mar/2024:11:37:52 +0000] "POST /products HTTP/1.1" 400 123 "-" "PostmanRuntime/7.37.0"
::1 - - [14/Mar/2024:11:38:01 +0000] "POST /products HTTP/1.1" 201 78 "-" "PostmanRuntime/7.37.0"
::1 - - [14/Mar/2024:11:38:05 +0000] "GET /products HTTP/1.1" 200 152 "-" "PostmanRuntime/7.37.0"
::1 - - [14/Mar/2024:12:04:50 +0000] "GET /products HTTP/1.1" 200 152 "-" "PostmanRuntime/7.37.0"
::1 - - [15/Mar/2024:09:23:07 +0000] "GET /products HTTP/1.1" 200 152 "-" "PostmanRuntime/7.37.0"
::1 - - [15/Mar/2024:09:23:16 +0000] "GET /products HTTP/1.1" 200 152 "-" "PostmanRuntime/7.37.0"
::1 - - [15/Mar/2024:09:23:26 +0000] "GET /products/5 HTTP/1.1" 200 31 "-" "PostmanRuntime/7.37.0"
::1 - - [15/Mar/2024:10:11:55 +0000] "GET /products/5 HTTP/1.1" 200 31 "-" "PostmanRuntime/7.37.0"
::1 - - [15/Mar/2024:10:12:13 +0000] "GET /products HTTP/1.1" 200 152 "-" "PostmanRuntime/7.37.0"
::1 - - [15/Mar/2024:10:18:05 +0000] "GET /products HTTP/1.1" 200 152 "-" "PostmanRuntime/7.37.0"
::1 - - [15/Mar/2024:10:19:03 +0000] "GET /products HTTP/1.1" 200 152 "-" "PostmanRuntime/7.37.0"
::1 - - [15/Mar/2024:10:19:07 +0000] "GET /products/3 HTTP/1.1" 200 52 "-" "PostmanRuntime/7.37.0"
::1 - - [15/Mar/2024:11:01:31 +0000] "GET /products HTTP/1.1" 500 152 "-" "PostmanRuntime/7.37.0"
::1 - - [15/Mar/2024:11:03:54 +0000] "GET /products HTTP/1.1" 500 152 "-" "PostmanRuntime/7.37.0"
